<?xml version="1.0" encoding="UTF-8"?>
<!-- Generated by org.testng.reporters.JUnitXMLReporter -->
<testsuite ignored="2" hostname="CLMC02SH12YG8WM" failures="0" tests="2" name="SPRCOM_106900_iOS_Login_AO" time="24.487" errors="0" timestamp="24 Sep 2019 21:42:08 GMT">
  <testcase classname="SPRCOM_92080_iOS_LoginAO.SPRCOM_106900_iOS_ENV_MDN" name="SPRCOM_106902" time="11.855"/>
  <testcase classname="SPRCOM_92080_iOS_LoginAO.SPRCOM_106900_iOS_AO_Login" name="SPRCOM_106904" time="11.162"/>
  <testcase classname="iOS_Base.MainBase" name="@AfterSuite tearDown" time="0.0">
    <ignored/>
  </testcase> <!-- @AfterSuite tearDown -->
  <testcase classname="iOS_Base.MainBase" name="@BeforeSuite setUp" time="0.0">
    <ignored/>
  </testcase> <!-- @BeforeSuite setUp -->
</testsuite> <!-- SPRCOM_106900_iOS_Login_AO -->
