<?xml version="1.0" encoding="UTF-8"?>
<testsuite xmlns:xsi="http://www.w3.org/2001/XMLSchema-instance" xsi:noNamespaceSchemaLocation="https://maven.apache.org/surefire/maven-surefire-plugin/xsd/surefire-test-report.xsd" name="TestSuite" time="185.211" tests="5" errors="0" skipped="0" failures="3">
  <properties>
[...]
</properties>
  <testcase name="SPRCOM_106902" classname="SPRCOM_92080_iOS_LoginAO.SPRCOM_106900_iOS_ENV_MDN" time="11.715"/>
  <testcase name="SPRCOM_106904" classname="SPRCOM_92080_iOS_LoginAO.SPRCOM_106900_iOS_AO_Login" time="10.805"/>
  <testcase name="SPRCOM_107202" classname="SPRCOM_92088_iOS_Sales.SPRCOM_107200_LoginAO_AddNewLine_Main" time="22.205">
    <failure type="java.lang.AssertionError:">java.lang.AssertionError: null
	at SPRCOM_92088_iOS_Sales.SPRCOM_107200_LoginAO_AddNewLine_Main.SPRCOM_107202_Step3(SPRCOM_107200_LoginAO_AddNewLine_Main.java:59)
	at SPRCOM_92088_iOS_Sales.SPRCOM_107200_LoginAO_AddNewLine_Main.SPRCOM_107202(SPRCOM_107200_LoginAO_AddNewLine_Main.java:27)
</failure>
    <system-out><![CDATA[LISTENER: onFinish Test - SPRCOM_106900_iOS_Login_AO
PASSED: SPRCOM_106902("st2", "3369549079", "TWREG-59003", "T3stM3.P1s")
PASSED: SPRCOM_106904("st2", "3369549079", "TWREG-59003", "T3stM3.P1s")

===============================================
    SPRCOM_106900_iOS_Login_AO
    Tests run: 2, Failures: 0, Skips: 0
===============================================

LISTENER: onStart Test - SPRCOM_107100_iOS_LoginAO_Sales
LISTENER: The Test -SPRCOM_107202- is Starting
LISTENER: Test failed ... SPRCOM_107202 --- org.testng.TestRunner@591e5fd4
]]></system-out>
  </testcase>
  <testcase name="SPRCOM_107204" classname="SPRCOM_92088_iOS_Sales.SPRCOM_107200_LoginAO_Checkout_Cart" time="21.916">
    <failure type="java.lang.AssertionError:">java.lang.AssertionError: null
	at SPRCOM_92088_iOS_Sales.SPRCOM_107200_LoginAO_Checkout_Cart.SPRCOM_107204_Step2(SPRCOM_107200_LoginAO_Checkout_Cart.java:51)
	at SPRCOM_92088_iOS_Sales.SPRCOM_107200_LoginAO_Checkout_Cart.SPRCOM_107204(SPRCOM_107200_LoginAO_Checkout_Cart.java:23)
</failure>
    <system-out><![CDATA[LISTENER: The Test -SPRCOM_107204- is Starting
LISTENER: Test failed ... SPRCOM_107204 --- org.testng.TestRunner@591e5fd4
]]></system-out>
  </testcase>
  <testcase name="SPRCOM_107206" classname="SPRCOM_92088_iOS_Sales.SPRCOM_107200_LoginAO_UpgradeLine_Main" time="10.829">
    <failure type="java.lang.AssertionError:">java.lang.AssertionError: null
	at SPRCOM_92088_iOS_Sales.SPRCOM_107200_LoginAO_UpgradeLine_Main.SPRCOM_107206_Step_Extra(SPRCOM_107200_LoginAO_UpgradeLine_Main.java:51)
	at SPRCOM_92088_iOS_Sales.SPRCOM_107200_LoginAO_UpgradeLine_Main.SPRCOM_107206(SPRCOM_107200_LoginAO_UpgradeLine_Main.java:25)
</failure>
    <system-out><![CDATA[LISTENER: The Test -SPRCOM_107206- is Starting
LISTENER: Test failed ... SPRCOM_107206 --- org.testng.TestRunner@591e5fd4
]]></system-out>
  </testcase>
</testsuite>